<?xml version="1.0"?>
<jboss-deployment-structure>
	<deployment>
		<dependencies>
			<module name="com.h2database.h2" />
		</dependencies>
	</deployment>
</jboss-deployment-structure>